<?xml version="1.0" encoding="UTF-8"?>
<!-- Generated by org.testng.reporters.JUnitReportReporter -->
<testsuite hostname="LAPTOP-O2T3L75J" failures="0" tests="3" name="Test.NewTest" time="37.397" errors="0" timestamp="2025-06-01T23:26:22 IST" skipped="2">
  <testcase classname="Test.NewTest" name="herokuapp" time="37.397"/>
  <testcase classname="Test.NewTest" name="googleList">
    <skipped/>
  </testcase> <!-- googleList -->
  <testcase classname="Test.NewTest" name="TestAutomationTest">
    <skipped/>
  </testcase> <!-- TestAutomationTest -->
</testsuite> <!-- Test.NewTest -->
