<?xml version="1.0" encoding="UTF-8"?>
<!-- Generated by org.testng.reporters.JUnitReportReporter -->
<testsuite hostname="LAPTOP-O2T3L75J" failures="0" tests="1" name="com.firstcry.runner.TestRunner" time="71.723" errors="0" timestamp="2025-05-24T02:35:22 IST" skipped="0">
  <testcase classname="com.firstcry.runner.TestRunner" name="runScenario" time="71.723"/>
</testsuite> <!-- com.firstcry.runner.TestRunner -->
