<?xml version="1.0" encoding="UTF-8"?>
<!-- Generated by org.testng.reporters.JUnitReportReporter -->
<testsuite hostname="LAPTOP-O2T3L75J" failures="0" tests="2" name="loginDefinitions.TestRunner" time="11.563" errors="0" timestamp="2025-05-15T03:35:06 IST" skipped="0">
  <testcase classname="loginDefinitions.TestRunner" name="runScenario" time="4.465"/>
  <testcase classname="loginDefinitions.TestRunner" name="runScenario" time="7.098"/>
</testsuite> <!-- loginDefinitions.TestRunner -->
